

============================== 2022-10-18 07:29:28.121643 | 6bc4eca0-7b74-48e2-8424-098e347ff1ad ==============================
[0m07:29:28.121659 [info ] [MainThread]: Running with dbt=1.3.0
[0m07:29:28.122612 [debug] [MainThread]: running dbt with arguments {'write_json': True, 'use_colors': True, 'printer_width': 80, 'version_check': True, 'partial_parse': True, 'static_parser': True, 'profiles_dir': '/Users/heiko/.dbt', 'send_anonymous_usage_stats': True, 'event_buffer_size': 100000, 'quiet': False, 'no_print': False, 'config_dir': False, 'which': 'debug', 'indirect_selection': 'eager'}
[0m07:29:28.122866 [debug] [MainThread]: Tracking: tracking
[0m07:29:28.271572 [debug] [MainThread]: Sending event: {'category': 'dbt', 'action': 'invocation', 'label': 'start', 'context': [<snowplow_tracker.self_describing_json.SelfDescribingJson object at 0x7f93257c3410>, <snowplow_tracker.self_describing_json.SelfDescribingJson object at 0x7f93257c3810>, <snowplow_tracker.self_describing_json.SelfDescribingJson object at 0x7f93257c9b50>]}
[0m07:29:28.775231 [debug] [MainThread]: Executing "git --help"
[0m07:29:28.817667 [debug] [MainThread]: STDOUT: "b"usage: git [--version] [--help] [-C <path>] [-c <name>=<value>]\n           [--exec-path[=<path>]] [--html-path] [--man-path] [--info-path]\n           [-p | --paginate | --no-pager] [--no-replace-objects] [--bare]\n           [--git-dir=<path>] [--work-tree=<path>] [--namespace=<name>]\n           <command> [<args>]\n\nThese are common Git commands used in various situations:\n\nstart a working area (see also: git help tutorial)\n   clone      Clone a repository into a new directory\n   init       Create an empty Git repository or reinitialize an existing one\n\nwork on the current change (see also: git help everyday)\n   add        Add file contents to the index\n   mv         Move or rename a file, a directory, or a symlink\n   reset      Reset current HEAD to the specified state\n   rm         Remove files from the working tree and from the index\n\nexamine the history and state (see also: git help revisions)\n   bisect     Use binary search to find the commit that introduced a bug\n   grep       Print lines matching a pattern\n   log        Show commit logs\n   show       Show various types of objects\n   status     Show the working tree status\n\ngrow, mark and tweak your common history\n   branch     List, create, or delete branches\n   checkout   Switch branches or restore working tree files\n   commit     Record changes to the repository\n   diff       Show changes between commits, commit and working tree, etc\n   merge      Join two or more development histories together\n   rebase     Reapply commits on top of another base tip\n   tag        Create, list, delete or verify a tag object signed with GPG\n\ncollaborate (see also: git help workflows)\n   fetch      Download objects and refs from another repository\n   pull       Fetch from and integrate with another repository or a local branch\n   push       Update remote refs along with associated objects\n\n'git help -a' and 'git help -g' list available subcommands and some\nconcept guides. See 'git help <command>' or 'git help <concept>'\nto read about a specific subcommand or concept.\n""
[0m07:29:28.819700 [debug] [MainThread]: STDERR: "b''"
[0m07:29:28.930107 [debug] [MainThread]: Acquiring new postgres connection "debug"
[0m07:29:28.932415 [debug] [MainThread]: Using postgres connection "debug"
[0m07:29:28.933434 [debug] [MainThread]: On debug: select 1 as id
[0m07:29:28.933887 [debug] [MainThread]: Opening a new connection, currently in state init
[0m07:29:28.938640 [debug] [MainThread]: Postgres adapter: Got a retryable error when attempting to open a postgres connection.
1 attempts remaining. Retrying in 0 seconds.
Error:
connection to server at "localhost" (::1), port 5432 failed: Connection refused
	Is the server running on that host and accepting TCP/IP connections?
connection to server at "localhost" (127.0.0.1), port 5432 failed: Connection refused
	Is the server running on that host and accepting TCP/IP connections?

[0m07:29:28.939674 [debug] [MainThread]: Postgres adapter: Error running SQL: select 1 as id
[0m07:29:28.939855 [debug] [MainThread]: Postgres adapter: Rolling back transaction.
[0m07:29:28.940041 [debug] [MainThread]: On debug: No close available on handle
[0m07:29:28.940699 [debug] [MainThread]: Sending event: {'category': 'dbt', 'action': 'invocation', 'label': 'end', 'context': [<snowplow_tracker.self_describing_json.SelfDescribingJson object at 0x7f93257b7490>, <snowplow_tracker.self_describing_json.SelfDescribingJson object at 0x7f93257b2090>, <snowplow_tracker.self_describing_json.SelfDescribingJson object at 0x7f93257b2e50>]}
[0m07:29:28.941192 [debug] [MainThread]: Flushing usage events
[0m07:29:29.891019 [debug] [MainThread]: Connection 'debug' was properly closed.


============================== 2022-10-18 07:30:27.326993 | 83333bca-fda7-474f-ad88-a4f88053f296 ==============================
[0m07:30:27.327009 [info ] [MainThread]: Running with dbt=1.3.0
[0m07:30:27.328187 [debug] [MainThread]: running dbt with arguments {'write_json': True, 'use_colors': True, 'printer_width': 80, 'version_check': True, 'partial_parse': True, 'static_parser': True, 'profiles_dir': '/Users/heiko/.dbt', 'send_anonymous_usage_stats': True, 'event_buffer_size': 100000, 'quiet': False, 'no_print': False, 'config_dir': False, 'which': 'debug', 'indirect_selection': 'eager'}
[0m07:30:27.328594 [debug] [MainThread]: Tracking: tracking
[0m07:30:27.407857 [debug] [MainThread]: Sending event: {'category': 'dbt', 'action': 'invocation', 'label': 'start', 'context': [<snowplow_tracker.self_describing_json.SelfDescribingJson object at 0x7fb3220c6b10>, <snowplow_tracker.self_describing_json.SelfDescribingJson object at 0x7fb3220c6250>, <snowplow_tracker.self_describing_json.SelfDescribingJson object at 0x7fb3220c6e10>]}
[0m07:30:27.623134 [debug] [MainThread]: Executing "git --help"
[0m07:30:27.660264 [debug] [MainThread]: STDOUT: "b"usage: git [--version] [--help] [-C <path>] [-c <name>=<value>]\n           [--exec-path[=<path>]] [--html-path] [--man-path] [--info-path]\n           [-p | --paginate | --no-pager] [--no-replace-objects] [--bare]\n           [--git-dir=<path>] [--work-tree=<path>] [--namespace=<name>]\n           <command> [<args>]\n\nThese are common Git commands used in various situations:\n\nstart a working area (see also: git help tutorial)\n   clone      Clone a repository into a new directory\n   init       Create an empty Git repository or reinitialize an existing one\n\nwork on the current change (see also: git help everyday)\n   add        Add file contents to the index\n   mv         Move or rename a file, a directory, or a symlink\n   reset      Reset current HEAD to the specified state\n   rm         Remove files from the working tree and from the index\n\nexamine the history and state (see also: git help revisions)\n   bisect     Use binary search to find the commit that introduced a bug\n   grep       Print lines matching a pattern\n   log        Show commit logs\n   show       Show various types of objects\n   status     Show the working tree status\n\ngrow, mark and tweak your common history\n   branch     List, create, or delete branches\n   checkout   Switch branches or restore working tree files\n   commit     Record changes to the repository\n   diff       Show changes between commits, commit and working tree, etc\n   merge      Join two or more development histories together\n   rebase     Reapply commits on top of another base tip\n   tag        Create, list, delete or verify a tag object signed with GPG\n\ncollaborate (see also: git help workflows)\n   fetch      Download objects and refs from another repository\n   pull       Fetch from and integrate with another repository or a local branch\n   push       Update remote refs along with associated objects\n\n'git help -a' and 'git help -g' list available subcommands and some\nconcept guides. See 'git help <command>' or 'git help <concept>'\nto read about a specific subcommand or concept.\n""
[0m07:30:27.661514 [debug] [MainThread]: STDERR: "b''"
[0m07:30:27.667529 [debug] [MainThread]: Acquiring new postgres connection "debug"
[0m07:30:27.669972 [debug] [MainThread]: Using postgres connection "debug"
[0m07:30:27.670235 [debug] [MainThread]: On debug: select 1 as id
[0m07:30:27.670458 [debug] [MainThread]: Opening a new connection, currently in state init
[0m07:30:27.671717 [debug] [MainThread]: Postgres adapter: Got a retryable error when attempting to open a postgres connection.
1 attempts remaining. Retrying in 0 seconds.
Error:
connection to server at "127.0.0.1", port 5432 failed: Connection refused
	Is the server running on that host and accepting TCP/IP connections?

[0m07:30:27.672472 [debug] [MainThread]: Postgres adapter: Error running SQL: select 1 as id
[0m07:30:27.672655 [debug] [MainThread]: Postgres adapter: Rolling back transaction.
[0m07:30:27.672966 [debug] [MainThread]: On debug: No close available on handle
[0m07:30:27.673756 [debug] [MainThread]: Sending event: {'category': 'dbt', 'action': 'invocation', 'label': 'end', 'context': [<snowplow_tracker.self_describing_json.SelfDescribingJson object at 0x7fb3220bf650>, <snowplow_tracker.self_describing_json.SelfDescribingJson object at 0x7fb3220ba350>, <snowplow_tracker.self_describing_json.SelfDescribingJson object at 0x7fb3220ba150>]}
[0m07:30:27.674560 [debug] [MainThread]: Flushing usage events
[0m07:30:28.558823 [debug] [MainThread]: Connection 'debug' was properly closed.


============================== 2022-10-18 07:31:28.129628 | 5d0c55ee-58aa-4d5b-b841-d8db0744543a ==============================
[0m07:31:28.129642 [info ] [MainThread]: Running with dbt=1.3.0
[0m07:31:28.130744 [debug] [MainThread]: running dbt with arguments {'write_json': True, 'use_colors': True, 'printer_width': 80, 'version_check': True, 'partial_parse': True, 'static_parser': True, 'profiles_dir': '/Users/heiko/.dbt', 'send_anonymous_usage_stats': True, 'event_buffer_size': 100000, 'quiet': False, 'no_print': False, 'config_dir': False, 'which': 'debug', 'indirect_selection': 'eager'}
[0m07:31:28.131161 [debug] [MainThread]: Tracking: tracking
[0m07:31:28.152803 [debug] [MainThread]: Sending event: {'category': 'dbt', 'action': 'invocation', 'label': 'start', 'context': [<snowplow_tracker.self_describing_json.SelfDescribingJson object at 0x7fa89b106890>, <snowplow_tracker.self_describing_json.SelfDescribingJson object at 0x7fa89b106150>, <snowplow_tracker.self_describing_json.SelfDescribingJson object at 0x7fa89b106510>]}
[0m07:31:28.256968 [debug] [MainThread]: Executing "git --help"
[0m07:31:28.265829 [debug] [MainThread]: STDOUT: "b"usage: git [--version] [--help] [-C <path>] [-c <name>=<value>]\n           [--exec-path[=<path>]] [--html-path] [--man-path] [--info-path]\n           [-p | --paginate | --no-pager] [--no-replace-objects] [--bare]\n           [--git-dir=<path>] [--work-tree=<path>] [--namespace=<name>]\n           <command> [<args>]\n\nThese are common Git commands used in various situations:\n\nstart a working area (see also: git help tutorial)\n   clone      Clone a repository into a new directory\n   init       Create an empty Git repository or reinitialize an existing one\n\nwork on the current change (see also: git help everyday)\n   add        Add file contents to the index\n   mv         Move or rename a file, a directory, or a symlink\n   reset      Reset current HEAD to the specified state\n   rm         Remove files from the working tree and from the index\n\nexamine the history and state (see also: git help revisions)\n   bisect     Use binary search to find the commit that introduced a bug\n   grep       Print lines matching a pattern\n   log        Show commit logs\n   show       Show various types of objects\n   status     Show the working tree status\n\ngrow, mark and tweak your common history\n   branch     List, create, or delete branches\n   checkout   Switch branches or restore working tree files\n   commit     Record changes to the repository\n   diff       Show changes between commits, commit and working tree, etc\n   merge      Join two or more development histories together\n   rebase     Reapply commits on top of another base tip\n   tag        Create, list, delete or verify a tag object signed with GPG\n\ncollaborate (see also: git help workflows)\n   fetch      Download objects and refs from another repository\n   pull       Fetch from and integrate with another repository or a local branch\n   push       Update remote refs along with associated objects\n\n'git help -a' and 'git help -g' list available subcommands and some\nconcept guides. See 'git help <command>' or 'git help <concept>'\nto read about a specific subcommand or concept.\n""
[0m07:31:28.266648 [debug] [MainThread]: STDERR: "b''"
[0m07:31:28.272445 [debug] [MainThread]: Acquiring new postgres connection "debug"
[0m07:31:28.273908 [debug] [MainThread]: Using postgres connection "debug"
[0m07:31:28.274201 [debug] [MainThread]: On debug: select 1 as id
[0m07:31:28.274448 [debug] [MainThread]: Opening a new connection, currently in state init
[0m07:31:28.403483 [debug] [MainThread]: Postgres adapter: Got a retryable error when attempting to open a postgres connection.
1 attempts remaining. Retrying in 0 seconds.
Error:
connection to server at "192.168.0.174", port 5432 failed: FATAL:  password authentication failed for user "tradekit"

[0m07:31:28.452100 [debug] [MainThread]: Postgres adapter: Error running SQL: select 1 as id
[0m07:31:28.452672 [debug] [MainThread]: Postgres adapter: Rolling back transaction.
[0m07:31:28.453186 [debug] [MainThread]: On debug: No close available on handle
[0m07:31:28.454919 [debug] [MainThread]: Sending event: {'category': 'dbt', 'action': 'invocation', 'label': 'end', 'context': [<snowplow_tracker.self_describing_json.SelfDescribingJson object at 0x7fa89b1ec650>, <snowplow_tracker.self_describing_json.SelfDescribingJson object at 0x7fa89b1d71d0>, <snowplow_tracker.self_describing_json.SelfDescribingJson object at 0x7fa89b1d7890>]}
[0m07:31:28.455964 [debug] [MainThread]: Flushing usage events
[0m07:31:29.545041 [debug] [MainThread]: Connection 'debug' was properly closed.


============================== 2022-10-18 07:32:07.812286 | 4faabb64-1326-42be-9f9d-352b6fa71192 ==============================
[0m07:32:07.812301 [info ] [MainThread]: Running with dbt=1.3.0
[0m07:32:07.813117 [debug] [MainThread]: running dbt with arguments {'write_json': True, 'use_colors': True, 'printer_width': 80, 'version_check': True, 'partial_parse': True, 'static_parser': True, 'profiles_dir': '/Users/heiko/.dbt', 'send_anonymous_usage_stats': True, 'event_buffer_size': 100000, 'quiet': False, 'no_print': False, 'config_dir': False, 'which': 'debug', 'indirect_selection': 'eager'}
[0m07:32:07.813299 [debug] [MainThread]: Tracking: tracking
[0m07:32:07.833844 [debug] [MainThread]: Sending event: {'category': 'dbt', 'action': 'invocation', 'label': 'start', 'context': [<snowplow_tracker.self_describing_json.SelfDescribingJson object at 0x7ffe028c6dd0>, <snowplow_tracker.self_describing_json.SelfDescribingJson object at 0x7ffe028c6ed0>, <snowplow_tracker.self_describing_json.SelfDescribingJson object at 0x7ffe028c6090>]}
[0m07:32:08.006169 [debug] [MainThread]: Executing "git --help"
[0m07:32:08.065827 [debug] [MainThread]: STDOUT: "b"usage: git [--version] [--help] [-C <path>] [-c <name>=<value>]\n           [--exec-path[=<path>]] [--html-path] [--man-path] [--info-path]\n           [-p | --paginate | --no-pager] [--no-replace-objects] [--bare]\n           [--git-dir=<path>] [--work-tree=<path>] [--namespace=<name>]\n           <command> [<args>]\n\nThese are common Git commands used in various situations:\n\nstart a working area (see also: git help tutorial)\n   clone      Clone a repository into a new directory\n   init       Create an empty Git repository or reinitialize an existing one\n\nwork on the current change (see also: git help everyday)\n   add        Add file contents to the index\n   mv         Move or rename a file, a directory, or a symlink\n   reset      Reset current HEAD to the specified state\n   rm         Remove files from the working tree and from the index\n\nexamine the history and state (see also: git help revisions)\n   bisect     Use binary search to find the commit that introduced a bug\n   grep       Print lines matching a pattern\n   log        Show commit logs\n   show       Show various types of objects\n   status     Show the working tree status\n\ngrow, mark and tweak your common history\n   branch     List, create, or delete branches\n   checkout   Switch branches or restore working tree files\n   commit     Record changes to the repository\n   diff       Show changes between commits, commit and working tree, etc\n   merge      Join two or more development histories together\n   rebase     Reapply commits on top of another base tip\n   tag        Create, list, delete or verify a tag object signed with GPG\n\ncollaborate (see also: git help workflows)\n   fetch      Download objects and refs from another repository\n   pull       Fetch from and integrate with another repository or a local branch\n   push       Update remote refs along with associated objects\n\n'git help -a' and 'git help -g' list available subcommands and some\nconcept guides. See 'git help <command>' or 'git help <concept>'\nto read about a specific subcommand or concept.\n""
[0m07:32:08.067767 [debug] [MainThread]: STDERR: "b''"
[0m07:32:08.074871 [debug] [MainThread]: Acquiring new postgres connection "debug"
[0m07:32:08.076195 [debug] [MainThread]: Using postgres connection "debug"
[0m07:32:08.076396 [debug] [MainThread]: On debug: select 1 as id
[0m07:32:08.076630 [debug] [MainThread]: Opening a new connection, currently in state init
[0m07:32:08.230380 [debug] [MainThread]: SQL status: SELECT 1 in 0.15 seconds
[0m07:32:08.235481 [debug] [MainThread]: On debug: Close
[0m07:32:08.236477 [debug] [MainThread]: Sending event: {'category': 'dbt', 'action': 'invocation', 'label': 'end', 'context': [<snowplow_tracker.self_describing_json.SelfDescribingJson object at 0x7ffe028ae5d0>, <snowplow_tracker.self_describing_json.SelfDescribingJson object at 0x7ffe02997dd0>, <snowplow_tracker.self_describing_json.SelfDescribingJson object at 0x7ffe02997990>]}
[0m07:32:08.237193 [debug] [MainThread]: Flushing usage events
[0m07:32:08.851643 [debug] [MainThread]: Connection 'debug' was properly closed.


============================== 2022-10-18 07:32:18.705723 | dc476c0f-9b41-49cd-ac75-77ab41f0b6d5 ==============================
[0m07:32:18.705814 [info ] [MainThread]: Running with dbt=1.3.0
[0m07:32:18.706901 [debug] [MainThread]: running dbt with arguments {'write_json': True, 'use_colors': True, 'printer_width': 80, 'version_check': True, 'partial_parse': True, 'static_parser': True, 'profiles_dir': '/Users/heiko/.dbt', 'send_anonymous_usage_stats': True, 'event_buffer_size': 100000, 'quiet': False, 'no_print': False, 'which': 'run', 'rpc_method': 'run', 'indirect_selection': 'eager'}
[0m07:32:18.707231 [debug] [MainThread]: Tracking: tracking
[0m07:32:18.730890 [debug] [MainThread]: Sending event: {'category': 'dbt', 'action': 'invocation', 'label': 'start', 'context': [<snowplow_tracker.self_describing_json.SelfDescribingJson object at 0x7fe6cc7b4a90>, <snowplow_tracker.self_describing_json.SelfDescribingJson object at 0x7fe6cc7b4f50>, <snowplow_tracker.self_describing_json.SelfDescribingJson object at 0x7fe6cc7b4f10>]}
[0m07:32:18.753804 [info ] [MainThread]: Partial parse save file not found. Starting full parse.
[0m07:32:18.754288 [debug] [MainThread]: Sending event: {'category': 'dbt', 'action': 'partial_parser', 'label': 'dc476c0f-9b41-49cd-ac75-77ab41f0b6d5', 'context': [<snowplow_tracker.self_describing_json.SelfDescribingJson object at 0x7fe6cc7b4f10>]}
[0m07:32:18.924225 [debug] [MainThread]: Parsing macros/timestamps.sql
[0m07:32:18.931108 [debug] [MainThread]: Parsing macros/catalog.sql
[0m07:32:18.934858 [debug] [MainThread]: Parsing macros/relations.sql
[0m07:32:18.937036 [debug] [MainThread]: Parsing macros/adapters.sql
[0m07:32:18.980763 [debug] [MainThread]: Parsing macros/materializations/incremental_strategies.sql
[0m07:32:18.982718 [debug] [MainThread]: Parsing macros/materializations/snapshot_merge.sql
[0m07:32:18.986320 [debug] [MainThread]: Parsing macros/utils/dateadd.sql
[0m07:32:18.987273 [debug] [MainThread]: Parsing macros/utils/listagg.sql
[0m07:32:18.989528 [debug] [MainThread]: Parsing macros/utils/datediff.sql
[0m07:32:19.000152 [debug] [MainThread]: Parsing macros/utils/any_value.sql
[0m07:32:19.001565 [debug] [MainThread]: Parsing macros/utils/last_day.sql
[0m07:32:19.003939 [debug] [MainThread]: Parsing macros/utils/split_part.sql
[0m07:32:19.005450 [debug] [MainThread]: Parsing macros/materializations/hooks.sql
[0m07:32:19.012153 [debug] [MainThread]: Parsing macros/materializations/configs.sql
[0m07:32:19.016439 [debug] [MainThread]: Parsing macros/materializations/snapshots/snapshot_merge.sql
[0m07:32:19.019813 [debug] [MainThread]: Parsing macros/materializations/snapshots/strategies.sql
[0m07:32:19.046064 [debug] [MainThread]: Parsing macros/materializations/snapshots/helpers.sql
[0m07:32:19.067878 [debug] [MainThread]: Parsing macros/materializations/snapshots/snapshot.sql
[0m07:32:19.086288 [debug] [MainThread]: Parsing macros/materializations/tests/test.sql
[0m07:32:19.092763 [debug] [MainThread]: Parsing macros/materializations/tests/helpers.sql
[0m07:32:19.095270 [debug] [MainThread]: Parsing macros/materializations/tests/where_subquery.sql
[0m07:32:19.098462 [debug] [MainThread]: Parsing macros/materializations/models/incremental/column_helpers.sql
[0m07:32:19.110760 [debug] [MainThread]: Parsing macros/materializations/models/incremental/merge.sql
[0m07:32:19.134600 [debug] [MainThread]: Parsing macros/materializations/models/incremental/is_incremental.sql
[0m07:32:19.136722 [debug] [MainThread]: Parsing macros/materializations/models/incremental/strategies.sql
[0m07:32:19.149180 [debug] [MainThread]: Parsing macros/materializations/models/incremental/incremental.sql
[0m07:32:19.167581 [debug] [MainThread]: Parsing macros/materializations/models/incremental/on_schema_change.sql
[0m07:32:19.196026 [debug] [MainThread]: Parsing macros/materializations/models/table/table.sql
[0m07:32:19.205215 [debug] [MainThread]: Parsing macros/materializations/models/table/create_table_as.sql
[0m07:32:19.210772 [debug] [MainThread]: Parsing macros/materializations/models/view/view.sql
[0m07:32:19.220619 [debug] [MainThread]: Parsing macros/materializations/models/view/helpers.sql
[0m07:32:19.222432 [debug] [MainThread]: Parsing macros/materializations/models/view/create_or_replace_view.sql
[0m07:32:19.229290 [debug] [MainThread]: Parsing macros/materializations/models/view/create_view_as.sql
[0m07:32:19.235153 [debug] [MainThread]: Parsing macros/materializations/seeds/seed.sql
[0m07:32:19.247975 [debug] [MainThread]: Parsing macros/materializations/seeds/helpers.sql
[0m07:32:19.317121 [debug] [MainThread]: Parsing macros/get_custom_name/get_custom_alias.sql
[0m07:32:19.319807 [debug] [MainThread]: Parsing macros/get_custom_name/get_custom_schema.sql
[0m07:32:19.323803 [debug] [MainThread]: Parsing macros/get_custom_name/get_custom_database.sql
[0m07:32:19.326624 [debug] [MainThread]: Parsing macros/generic_test_sql/relationships.sql
[0m07:32:19.327738 [debug] [MainThread]: Parsing macros/generic_test_sql/not_null.sql
[0m07:32:19.328935 [debug] [MainThread]: Parsing macros/generic_test_sql/unique.sql
[0m07:32:19.330236 [debug] [MainThread]: Parsing macros/generic_test_sql/accepted_values.sql
[0m07:32:19.333373 [debug] [MainThread]: Parsing macros/etc/statement.sql
[0m07:32:19.342375 [debug] [MainThread]: Parsing macros/etc/datetime.sql
[0m07:32:19.356217 [debug] [MainThread]: Parsing macros/utils/except.sql
[0m07:32:19.357761 [debug] [MainThread]: Parsing macros/utils/replace.sql
[0m07:32:19.359887 [debug] [MainThread]: Parsing macros/utils/concat.sql
[0m07:32:19.361151 [debug] [MainThread]: Parsing macros/utils/length.sql
[0m07:32:19.362583 [debug] [MainThread]: Parsing macros/utils/dateadd.sql
[0m07:32:19.365502 [debug] [MainThread]: Parsing macros/utils/intersect.sql
[0m07:32:19.367147 [debug] [MainThread]: Parsing macros/utils/escape_single_quotes.sql
[0m07:32:19.368894 [debug] [MainThread]: Parsing macros/utils/right.sql
[0m07:32:19.370758 [debug] [MainThread]: Parsing macros/utils/listagg.sql
[0m07:32:19.375198 [debug] [MainThread]: Parsing macros/utils/datediff.sql
[0m07:32:19.376941 [debug] [MainThread]: Parsing macros/utils/safe_cast.sql
[0m07:32:19.378317 [debug] [MainThread]: Parsing macros/utils/hash.sql
[0m07:32:19.381373 [debug] [MainThread]: Parsing macros/utils/cast_bool_to_text.sql
[0m07:32:19.383278 [debug] [MainThread]: Parsing macros/utils/any_value.sql
[0m07:32:19.384830 [debug] [MainThread]: Parsing macros/utils/position.sql
[0m07:32:19.386983 [debug] [MainThread]: Parsing macros/utils/literal.sql
[0m07:32:19.388713 [debug] [MainThread]: Parsing macros/utils/data_types.sql
[0m07:32:19.401187 [debug] [MainThread]: Parsing macros/utils/array_concat.sql
[0m07:32:19.403003 [debug] [MainThread]: Parsing macros/utils/bool_or.sql
[0m07:32:19.404873 [debug] [MainThread]: Parsing macros/utils/last_day.sql
[0m07:32:19.407546 [debug] [MainThread]: Parsing macros/utils/split_part.sql
[0m07:32:19.410741 [debug] [MainThread]: Parsing macros/utils/date_trunc.sql
[0m07:32:19.413556 [debug] [MainThread]: Parsing macros/utils/array_construct.sql
[0m07:32:19.415940 [debug] [MainThread]: Parsing macros/utils/array_append.sql
[0m07:32:19.417897 [debug] [MainThread]: Parsing macros/adapters/schema.sql
[0m07:32:19.421945 [debug] [MainThread]: Parsing macros/adapters/timestamps.sql
[0m07:32:19.427249 [debug] [MainThread]: Parsing macros/adapters/indexes.sql
[0m07:32:19.432396 [debug] [MainThread]: Parsing macros/adapters/relation.sql
[0m07:32:19.455830 [debug] [MainThread]: Parsing macros/adapters/freshness.sql
[0m07:32:19.458929 [debug] [MainThread]: Parsing macros/adapters/apply_grants.sql
[0m07:32:19.481072 [debug] [MainThread]: Parsing macros/adapters/persist_docs.sql
[0m07:32:19.488482 [debug] [MainThread]: Parsing macros/adapters/metadata.sql
[0m07:32:19.499608 [debug] [MainThread]: Parsing macros/adapters/columns.sql
[0m07:32:19.512507 [debug] [MainThread]: Parsing macros/python_model/python.sql
[0m07:32:19.521573 [debug] [MainThread]: Parsing tests/generic/builtin.sql
[0m07:32:19.891146 [debug] [MainThread]: 1699: static parser successfully parsed example/my_first_dbt_model.sql
[0m07:32:19.912334 [debug] [MainThread]: 1699: static parser successfully parsed example/my_second_dbt_model.sql
[0m07:32:20.000527 [debug] [MainThread]: Sending event: {'category': 'dbt', 'action': 'load_project', 'label': 'dc476c0f-9b41-49cd-ac75-77ab41f0b6d5', 'context': [<snowplow_tracker.self_describing_json.SelfDescribingJson object at 0x7fe6ccad5610>]}
[0m07:32:20.015342 [debug] [MainThread]: Sending event: {'category': 'dbt', 'action': 'resource_counts', 'label': 'dc476c0f-9b41-49cd-ac75-77ab41f0b6d5', 'context': [<snowplow_tracker.self_describing_json.SelfDescribingJson object at 0x7fe6ccb34590>]}
[0m07:32:20.016152 [info ] [MainThread]: Found 2 models, 4 tests, 0 snapshots, 0 analyses, 289 macros, 0 operations, 0 seed files, 0 sources, 0 exposures, 0 metrics
[0m07:32:20.017219 [debug] [MainThread]: Sending event: {'category': 'dbt', 'action': 'runnable_timing', 'label': 'dc476c0f-9b41-49cd-ac75-77ab41f0b6d5', 'context': [<snowplow_tracker.self_describing_json.SelfDescribingJson object at 0x7fe6ccb345d0>]}
[0m07:32:20.019831 [info ] [MainThread]: 
[0m07:32:20.022973 [debug] [MainThread]: Acquiring new postgres connection "master"
[0m07:32:20.027262 [debug] [ThreadPool]: Acquiring new postgres connection "list_tradekit"
[0m07:32:20.050874 [debug] [ThreadPool]: Using postgres connection "list_tradekit"
[0m07:32:20.051113 [debug] [ThreadPool]: On list_tradekit: /* {"app": "dbt", "dbt_version": "1.3.0", "profile_name": "jaffle_shop", "target_name": "dev", "connection_name": "list_tradekit"} */

    select distinct nspname from pg_namespace
  
[0m07:32:20.051268 [debug] [ThreadPool]: Opening a new connection, currently in state init
[0m07:32:20.189817 [debug] [ThreadPool]: SQL status: SELECT 12 in 0.14 seconds
[0m07:32:20.193741 [debug] [ThreadPool]: On list_tradekit: Close
[0m07:32:20.194907 [debug] [ThreadPool]: Acquiring new postgres connection "create_tradekit_dev_schema"
[0m07:32:20.195569 [debug] [ThreadPool]: Acquiring new postgres connection "create_tradekit_dev_schema"
[0m07:32:20.195850 [debug] [ThreadPool]: Creating schema "_ReferenceKey(database='tradekit', schema='dev_schema', identifier=None)"
[0m07:32:20.204946 [debug] [ThreadPool]: Using postgres connection "create_tradekit_dev_schema"
[0m07:32:20.205192 [debug] [ThreadPool]: On create_tradekit_dev_schema: BEGIN
[0m07:32:20.205482 [debug] [ThreadPool]: Opening a new connection, currently in state closed
[0m07:32:20.296793 [debug] [ThreadPool]: SQL status: BEGIN in 0.09 seconds
[0m07:32:20.297481 [debug] [ThreadPool]: Using postgres connection "create_tradekit_dev_schema"
[0m07:32:20.297891 [debug] [ThreadPool]: On create_tradekit_dev_schema: /* {"app": "dbt", "dbt_version": "1.3.0", "profile_name": "jaffle_shop", "target_name": "dev", "connection_name": "create_tradekit_dev_schema"} */
create schema if not exists "dev_schema"
[0m07:32:20.328926 [debug] [ThreadPool]: SQL status: CREATE SCHEMA in 0.03 seconds
[0m07:32:20.331263 [debug] [ThreadPool]: On create_tradekit_dev_schema: COMMIT
[0m07:32:20.331601 [debug] [ThreadPool]: Using postgres connection "create_tradekit_dev_schema"
[0m07:32:20.331985 [debug] [ThreadPool]: On create_tradekit_dev_schema: COMMIT
[0m07:32:20.341802 [debug] [ThreadPool]: SQL status: COMMIT in 0.01 seconds
[0m07:32:20.342516 [debug] [ThreadPool]: On create_tradekit_dev_schema: Close
[0m07:32:20.346648 [debug] [ThreadPool]: Acquiring new postgres connection "list_tradekit_dev_schema"
[0m07:32:20.359108 [debug] [ThreadPool]: Using postgres connection "list_tradekit_dev_schema"
[0m07:32:20.359352 [debug] [ThreadPool]: On list_tradekit_dev_schema: BEGIN
[0m07:32:20.359510 [debug] [ThreadPool]: Opening a new connection, currently in state closed
[0m07:32:20.452950 [debug] [ThreadPool]: SQL status: BEGIN in 0.09 seconds
[0m07:32:20.453558 [debug] [ThreadPool]: Using postgres connection "list_tradekit_dev_schema"
[0m07:32:20.453951 [debug] [ThreadPool]: On list_tradekit_dev_schema: /* {"app": "dbt", "dbt_version": "1.3.0", "profile_name": "jaffle_shop", "target_name": "dev", "connection_name": "list_tradekit_dev_schema"} */
select
      'tradekit' as database,
      tablename as name,
      schemaname as schema,
      'table' as type
    from pg_tables
    where schemaname ilike 'dev_schema'
    union all
    select
      'tradekit' as database,
      viewname as name,
      schemaname as schema,
      'view' as type
    from pg_views
    where schemaname ilike 'dev_schema'
  
[0m07:32:20.512590 [debug] [ThreadPool]: SQL status: SELECT 0 in 0.06 seconds
[0m07:32:20.515003 [debug] [ThreadPool]: On list_tradekit_dev_schema: ROLLBACK
[0m07:32:20.525292 [debug] [ThreadPool]: On list_tradekit_dev_schema: Close
[0m07:32:20.536714 [debug] [MainThread]: Using postgres connection "master"
[0m07:32:20.537038 [debug] [MainThread]: On master: BEGIN
[0m07:32:20.537268 [debug] [MainThread]: Opening a new connection, currently in state init
[0m07:32:20.629808 [debug] [MainThread]: SQL status: BEGIN in 0.09 seconds
[0m07:32:20.630517 [debug] [MainThread]: Using postgres connection "master"
[0m07:32:20.630939 [debug] [MainThread]: On master: /* {"app": "dbt", "dbt_version": "1.3.0", "profile_name": "jaffle_shop", "target_name": "dev", "connection_name": "master"} */
with relation as (
        select
            pg_rewrite.ev_class as class,
            pg_rewrite.oid as id
        from pg_rewrite
    ),
    class as (
        select
            oid as id,
            relname as name,
            relnamespace as schema,
            relkind as kind
        from pg_class
    ),
    dependency as (
        select distinct
            pg_depend.objid as id,
            pg_depend.refobjid as ref
        from pg_depend
    ),
    schema as (
        select
            pg_namespace.oid as id,
            pg_namespace.nspname as name
        from pg_namespace
        where nspname != 'information_schema' and nspname not like 'pg\_%'
    ),
    referenced as (
        select
            relation.id AS id,
            referenced_class.name ,
            referenced_class.schema ,
            referenced_class.kind
        from relation
        join class as referenced_class on relation.class=referenced_class.id
        where referenced_class.kind in ('r', 'v')
    ),
    relationships as (
        select
            referenced.name as referenced_name,
            referenced.schema as referenced_schema_id,
            dependent_class.name as dependent_name,
            dependent_class.schema as dependent_schema_id,
            referenced.kind as kind
        from referenced
        join dependency on referenced.id=dependency.id
        join class as dependent_class on dependency.ref=dependent_class.id
        where
            (referenced.name != dependent_class.name or
             referenced.schema != dependent_class.schema)
    )

    select
        referenced_schema.name as referenced_schema,
        relationships.referenced_name as referenced_name,
        dependent_schema.name as dependent_schema,
        relationships.dependent_name as dependent_name
    from relationships
    join schema as dependent_schema on relationships.dependent_schema_id=dependent_schema.id
    join schema as referenced_schema on relationships.referenced_schema_id=referenced_schema.id
    group by referenced_schema, referenced_name, dependent_schema, dependent_name
    order by referenced_schema, referenced_name, dependent_schema, dependent_name;
[0m07:32:20.827295 [debug] [MainThread]: SQL status: SELECT 34 in 0.2 seconds
[0m07:32:20.831235 [debug] [MainThread]: Sending event: {'category': 'dbt', 'action': 'runnable_timing', 'label': 'dc476c0f-9b41-49cd-ac75-77ab41f0b6d5', 'context': [<snowplow_tracker.self_describing_json.SelfDescribingJson object at 0x7fe6cc3f0910>]}
[0m07:32:20.831723 [debug] [MainThread]: On master: ROLLBACK
[0m07:32:20.842447 [debug] [MainThread]: Using postgres connection "master"
[0m07:32:20.843098 [debug] [MainThread]: On master: BEGIN
[0m07:32:20.860687 [debug] [MainThread]: SQL status: BEGIN in 0.02 seconds
[0m07:32:20.861294 [debug] [MainThread]: On master: COMMIT
[0m07:32:20.861659 [debug] [MainThread]: Using postgres connection "master"
[0m07:32:20.861998 [debug] [MainThread]: On master: COMMIT
[0m07:32:20.871123 [debug] [MainThread]: SQL status: COMMIT in 0.01 seconds
[0m07:32:20.871912 [debug] [MainThread]: On master: Close
[0m07:32:20.873577 [info ] [MainThread]: Concurrency: 1 threads (target='dev')
[0m07:32:20.874406 [info ] [MainThread]: 
[0m07:32:20.879931 [debug] [Thread-1  ]: Began running node model.jaffle_shop.my_first_dbt_model
[0m07:32:20.880389 [info ] [Thread-1  ]: 1 of 2 START sql table model dev_schema.my_first_dbt_model ..................... [RUN]
[0m07:32:20.881311 [debug] [Thread-1  ]: Acquiring new postgres connection "model.jaffle_shop.my_first_dbt_model"
[0m07:32:20.881577 [debug] [Thread-1  ]: Began compiling node model.jaffle_shop.my_first_dbt_model
[0m07:32:20.881791 [debug] [Thread-1  ]: Compiling model.jaffle_shop.my_first_dbt_model
[0m07:32:20.885520 [debug] [Thread-1  ]: Writing injected SQL for node "model.jaffle_shop.my_first_dbt_model"
[0m07:32:20.886380 [debug] [Thread-1  ]: finished collecting timing info
[0m07:32:20.886583 [debug] [Thread-1  ]: Began executing node model.jaffle_shop.my_first_dbt_model
[0m07:32:20.946705 [debug] [Thread-1  ]: Writing runtime sql for node "model.jaffle_shop.my_first_dbt_model"
[0m07:32:20.947572 [debug] [Thread-1  ]: Using postgres connection "model.jaffle_shop.my_first_dbt_model"
[0m07:32:20.947750 [debug] [Thread-1  ]: On model.jaffle_shop.my_first_dbt_model: BEGIN
[0m07:32:20.947942 [debug] [Thread-1  ]: Opening a new connection, currently in state closed
[0m07:32:21.074528 [debug] [Thread-1  ]: SQL status: BEGIN in 0.13 seconds
[0m07:32:21.075197 [debug] [Thread-1  ]: Using postgres connection "model.jaffle_shop.my_first_dbt_model"
[0m07:32:21.075709 [debug] [Thread-1  ]: On model.jaffle_shop.my_first_dbt_model: /* {"app": "dbt", "dbt_version": "1.3.0", "profile_name": "jaffle_shop", "target_name": "dev", "node_id": "model.jaffle_shop.my_first_dbt_model"} */

  
    

  create  table "tradekit"."dev_schema"."my_first_dbt_model__dbt_tmp"
  as (
    /*
    Welcome to your first dbt model!
    Did you know that you can also configure models directly within SQL files?
    This will override configurations stated in dbt_project.yml

    Try changing "table" to "view" below
*/



with source_data as (

    select 1 as id
    union all
    select null as id

)

select *
from source_data

/*
    Uncomment the line below to remove records with null `id` values
*/

-- where id is not null
  );
  
[0m07:32:21.134021 [debug] [Thread-1  ]: SQL status: SELECT 2 in 0.06 seconds
[0m07:32:21.145987 [debug] [Thread-1  ]: Using postgres connection "model.jaffle_shop.my_first_dbt_model"
[0m07:32:21.146227 [debug] [Thread-1  ]: On model.jaffle_shop.my_first_dbt_model: /* {"app": "dbt", "dbt_version": "1.3.0", "profile_name": "jaffle_shop", "target_name": "dev", "node_id": "model.jaffle_shop.my_first_dbt_model"} */
alter table "tradekit"."dev_schema"."my_first_dbt_model__dbt_tmp" rename to "my_first_dbt_model"
[0m07:32:21.157253 [debug] [Thread-1  ]: SQL status: ALTER TABLE in 0.01 seconds
[0m07:32:21.186382 [debug] [Thread-1  ]: On model.jaffle_shop.my_first_dbt_model: COMMIT
[0m07:32:21.186642 [debug] [Thread-1  ]: Using postgres connection "model.jaffle_shop.my_first_dbt_model"
[0m07:32:21.186789 [debug] [Thread-1  ]: On model.jaffle_shop.my_first_dbt_model: COMMIT
[0m07:32:21.199034 [debug] [Thread-1  ]: SQL status: COMMIT in 0.01 seconds
[0m07:32:21.209034 [debug] [Thread-1  ]: Using postgres connection "model.jaffle_shop.my_first_dbt_model"
[0m07:32:21.209276 [debug] [Thread-1  ]: On model.jaffle_shop.my_first_dbt_model: /* {"app": "dbt", "dbt_version": "1.3.0", "profile_name": "jaffle_shop", "target_name": "dev", "node_id": "model.jaffle_shop.my_first_dbt_model"} */
drop table if exists "tradekit"."dev_schema"."my_first_dbt_model__dbt_backup" cascade
[0m07:32:21.217317 [debug] [Thread-1  ]: SQL status: DROP TABLE in 0.01 seconds
[0m07:32:21.220924 [debug] [Thread-1  ]: finished collecting timing info
[0m07:32:21.221491 [debug] [Thread-1  ]: On model.jaffle_shop.my_first_dbt_model: Close
[0m07:32:21.223149 [debug] [Thread-1  ]: Sending event: {'category': 'dbt', 'action': 'run_model', 'label': 'dc476c0f-9b41-49cd-ac75-77ab41f0b6d5', 'context': [<snowplow_tracker.self_describing_json.SelfDescribingJson object at 0x7fe6ccbd76d0>]}
[0m07:32:21.223817 [info ] [Thread-1  ]: 1 of 2 OK created sql table model dev_schema.my_first_dbt_model ................ [[32mSELECT 2[0m in 0.34s]
[0m07:32:21.224680 [debug] [Thread-1  ]: Finished running node model.jaffle_shop.my_first_dbt_model
[0m07:32:21.225178 [debug] [Thread-1  ]: Began running node model.jaffle_shop.my_second_dbt_model
[0m07:32:21.225496 [info ] [Thread-1  ]: 2 of 2 START sql view model dev_schema.my_second_dbt_model ..................... [RUN]
[0m07:32:21.226426 [debug] [Thread-1  ]: Acquiring new postgres connection "model.jaffle_shop.my_second_dbt_model"
[0m07:32:21.226658 [debug] [Thread-1  ]: Began compiling node model.jaffle_shop.my_second_dbt_model
[0m07:32:21.226863 [debug] [Thread-1  ]: Compiling model.jaffle_shop.my_second_dbt_model
[0m07:32:21.230409 [debug] [Thread-1  ]: Writing injected SQL for node "model.jaffle_shop.my_second_dbt_model"
[0m07:32:21.230957 [debug] [Thread-1  ]: finished collecting timing info
[0m07:32:21.231151 [debug] [Thread-1  ]: Began executing node model.jaffle_shop.my_second_dbt_model
[0m07:32:21.265467 [debug] [Thread-1  ]: Writing runtime sql for node "model.jaffle_shop.my_second_dbt_model"
[0m07:32:21.266394 [debug] [Thread-1  ]: Using postgres connection "model.jaffle_shop.my_second_dbt_model"
[0m07:32:21.266718 [debug] [Thread-1  ]: On model.jaffle_shop.my_second_dbt_model: BEGIN
[0m07:32:21.267077 [debug] [Thread-1  ]: Opening a new connection, currently in state closed
[0m07:32:21.359171 [debug] [Thread-1  ]: SQL status: BEGIN in 0.09 seconds
[0m07:32:21.359675 [debug] [Thread-1  ]: Using postgres connection "model.jaffle_shop.my_second_dbt_model"
[0m07:32:21.359945 [debug] [Thread-1  ]: On model.jaffle_shop.my_second_dbt_model: /* {"app": "dbt", "dbt_version": "1.3.0", "profile_name": "jaffle_shop", "target_name": "dev", "node_id": "model.jaffle_shop.my_second_dbt_model"} */

  create view "tradekit"."dev_schema"."my_second_dbt_model__dbt_tmp" as (
    -- Use the `ref` function to select from other models

select *
from "tradekit"."dev_schema"."my_first_dbt_model"
where id = 1
  );
[0m07:32:21.385778 [debug] [Thread-1  ]: SQL status: CREATE VIEW in 0.03 seconds
[0m07:32:21.392256 [debug] [Thread-1  ]: Using postgres connection "model.jaffle_shop.my_second_dbt_model"
[0m07:32:21.392575 [debug] [Thread-1  ]: On model.jaffle_shop.my_second_dbt_model: /* {"app": "dbt", "dbt_version": "1.3.0", "profile_name": "jaffle_shop", "target_name": "dev", "node_id": "model.jaffle_shop.my_second_dbt_model"} */
alter table "tradekit"."dev_schema"."my_second_dbt_model__dbt_tmp" rename to "my_second_dbt_model"
[0m07:32:21.403056 [debug] [Thread-1  ]: SQL status: ALTER TABLE in 0.01 seconds
[0m07:32:21.407558 [debug] [Thread-1  ]: On model.jaffle_shop.my_second_dbt_model: COMMIT
[0m07:32:21.407858 [debug] [Thread-1  ]: Using postgres connection "model.jaffle_shop.my_second_dbt_model"
[0m07:32:21.408101 [debug] [Thread-1  ]: On model.jaffle_shop.my_second_dbt_model: COMMIT
[0m07:32:21.417678 [debug] [Thread-1  ]: SQL status: COMMIT in 0.01 seconds
[0m07:32:21.421561 [debug] [Thread-1  ]: Using postgres connection "model.jaffle_shop.my_second_dbt_model"
[0m07:32:21.421862 [debug] [Thread-1  ]: On model.jaffle_shop.my_second_dbt_model: /* {"app": "dbt", "dbt_version": "1.3.0", "profile_name": "jaffle_shop", "target_name": "dev", "node_id": "model.jaffle_shop.my_second_dbt_model"} */
drop view if exists "tradekit"."dev_schema"."my_second_dbt_model__dbt_backup" cascade
[0m07:32:21.432470 [debug] [Thread-1  ]: SQL status: DROP VIEW in 0.01 seconds
[0m07:32:21.435001 [debug] [Thread-1  ]: finished collecting timing info
[0m07:32:21.435357 [debug] [Thread-1  ]: On model.jaffle_shop.my_second_dbt_model: Close
[0m07:32:21.436302 [debug] [Thread-1  ]: Sending event: {'category': 'dbt', 'action': 'run_model', 'label': 'dc476c0f-9b41-49cd-ac75-77ab41f0b6d5', 'context': [<snowplow_tracker.self_describing_json.SelfDescribingJson object at 0x7fe6ccdc0b50>]}
[0m07:32:21.436898 [info ] [Thread-1  ]: 2 of 2 OK created sql view model dev_schema.my_second_dbt_model ................ [[32mCREATE VIEW[0m in 0.21s]
[0m07:32:21.437638 [debug] [Thread-1  ]: Finished running node model.jaffle_shop.my_second_dbt_model
[0m07:32:21.499833 [debug] [MainThread]: Acquiring new postgres connection "master"
[0m07:32:21.500433 [debug] [MainThread]: Using postgres connection "master"
[0m07:32:21.500829 [debug] [MainThread]: On master: BEGIN
[0m07:32:21.501186 [debug] [MainThread]: Opening a new connection, currently in state closed
[0m07:32:21.599557 [debug] [MainThread]: SQL status: BEGIN in 0.1 seconds
[0m07:32:21.600240 [debug] [MainThread]: On master: COMMIT
[0m07:32:21.600658 [debug] [MainThread]: Using postgres connection "master"
[0m07:32:21.601026 [debug] [MainThread]: On master: COMMIT
[0m07:32:21.607810 [debug] [MainThread]: SQL status: COMMIT in 0.01 seconds
[0m07:32:21.608425 [debug] [MainThread]: On master: Close
[0m07:32:21.609888 [info ] [MainThread]: 
[0m07:32:21.610625 [info ] [MainThread]: Finished running 1 table model, 1 view model in 0 hours 0 minutes and 1.59 seconds (1.59s).
[0m07:32:21.611503 [debug] [MainThread]: Connection 'master' was properly closed.
[0m07:32:21.612070 [debug] [MainThread]: Connection 'model.jaffle_shop.my_second_dbt_model' was properly closed.
[0m07:32:21.624693 [info ] [MainThread]: 
[0m07:32:21.625112 [info ] [MainThread]: [32mCompleted successfully[0m
[0m07:32:21.625567 [info ] [MainThread]: 
[0m07:32:21.625970 [info ] [MainThread]: Done. PASS=2 WARN=0 ERROR=0 SKIP=0 TOTAL=2
[0m07:32:21.626541 [debug] [MainThread]: Sending event: {'category': 'dbt', 'action': 'invocation', 'label': 'end', 'context': [<snowplow_tracker.self_describing_json.SelfDescribingJson object at 0x7fe6ccaf9cd0>, <snowplow_tracker.self_describing_json.SelfDescribingJson object at 0x7fe6ccd7c750>, <snowplow_tracker.self_describing_json.SelfDescribingJson object at 0x7fe6ccd7c890>]}
[0m07:32:21.626952 [debug] [MainThread]: Flushing usage events
